<?xml version="1.0" encoding="UTF-8"?>
<!-- Generated by org.testng.reporters.JUnitReportReporter -->
<testsuite skipped="0" hostname="metins-MacBook.local" name="com.syntax.class2.Depencty" tests="2" failures="0" timestamp="2020-09-01T19:55:16 EDT" time="9.060" errors="0">
  <testcase name="invalidLogin" time="3.520" classname="com.syntax.class2.Depencty"/>
  <system-out/>
  <testcase name="validLogin" time="5.540" classname="com.syntax.class2.Depencty"/>
  <system-out/>
</testsuite> <!-- com.syntax.class2.Depencty -->
