<?xml version="1.0" encoding="UTF-8"?>
<!-- Generated by org.testng.reporters.JUnitReportReporter -->
<testsuite skipped="0" hostname="metins-MacBook.local" name="com.syntax.class2.IssueWithoutAssert" tests="1" failures="0" timestamp="2020-09-01T19:55:21 EDT" time="3.195" errors="0">
  <testcase name="titleValidation" time="3.195" classname="com.syntax.class2.IssueWithoutAssert"/>
  <system-out/>
</testsuite> <!-- com.syntax.class2.IssueWithoutAssert -->
