<?xml version="1.0" encoding="UTF-8"?>
<!-- Generated by org.testng.reporters.JUnitReportReporter -->
<testsuite skipped="0" hostname="metins-MacBook.local" name="NewTest" tests="3" failures="0" timestamp="2020-08-29T12:36:39 EDT" time="0.022" errors="0">
  <testcase name="after" time="0.013" classname="NewTest"/>
  <system-out/>
  <testcase name="testMethod" time="0.003" classname="NewTest"/>
  <system-out/>
  <testcase name="before" time="0.006" classname="NewTest"/>
  <system-out/>
</testsuite> <!-- NewTest -->
